<?xml version="1.0" encoding="UTF-8"?>
<coverage generated="1535598546294" clover="3.2.0">
  <project timestamp="1535598546295" name="All files">
    <metrics statements="24" coveredstatements="18" conditionals="6" coveredconditionals="2" methods="12" coveredmethods="11" elements="42" coveredelements="31" complexity="0" loc="24" ncloc="24" packages="1" files="1" classes="1">
      <file name="stories.js" path="/home/bec/Documents/Code/phase-zero/BootCamp/storyTime/client/actions/stories.js">
        <metrics statements="24" coveredstatements="18" conditionals="6" coveredconditionals="2" methods="12" coveredmethods="11"/>
        <line num="3" count="1" type="stmt"/>
        <line num="4" count="1" type="stmt"/>
        <line num="10" count="1" type="stmt"/>
        <line num="11" count="1" type="stmt"/>
        <line num="17" count="1" type="stmt"/>
        <line num="18" count="1" type="stmt"/>
        <line num="25" count="2" type="stmt"/>
        <line num="26" count="2" type="stmt"/>
        <line num="29" count="1" type="cond" truecount="1" falsecount="1"/>
        <line num="30" count="1" type="stmt"/>
        <line num="31" count="1" type="stmt"/>
        <line num="33" count="0" type="stmt"/>
        <line num="39" count="1" type="stmt"/>
        <line num="40" count="1" type="stmt"/>
        <line num="43" count="0" type="cond" truecount="0" falsecount="2"/>
        <line num="44" count="0" type="stmt"/>
        <line num="45" count="0" type="stmt"/>
        <line num="47" count="0" type="stmt"/>
        <line num="53" count="1" type="stmt"/>
        <line num="54" count="1" type="stmt"/>
        <line num="57" count="1" type="cond" truecount="1" falsecount="1"/>
        <line num="58" count="1" type="stmt"/>
        <line num="59" count="1" type="stmt"/>
        <line num="61" count="0" type="stmt"/>
      </file>
    </metrics>
  </project>
</coverage>
