{"/home/bec/Documents/Code/phase-zero/BootCamp/storyTime/client/actions/associations.js": {"path":"/home/bec/Documents/Code/phase-zero/BootCamp/storyTime/client/actions/associations.js","statementMap":{"0":{"start":{"line":3,"column":35},"end":{"line":8,"column":1}},"1":{"start":{"line":4,"column":2},"end":{"line":7,"column":3}},"2":{"start":{"line":10,"column":30},"end":{"line":15,"column":1}},"3":{"start":{"line":11,"column":2},"end":{"line":14,"column":3}},"4":{"start":{"line":18,"column":2},"end":{"line":28,"column":3}},"5":{"start":{"line":19,"column":4},"end":{"line":27,"column":6}},"6":{"start":{"line":22,"column":6},"end":{"line":25,"column":7}},"7":{"start":{"line":23,"column":8},"end":{"line":23,"column":34}},"8":{"start":{"line":24,"column":8},"end":{"line":24,"column":14}},"9":{"start":{"line":26,"column":6},"end":{"line":26,"column":45}},"10":{"start":{"line":32,"column":2},"end":{"line":39,"column":3}},"11":{"start":{"line":33,"column":4},"end":{"line":38,"column":6}},"12":{"start":{"line":37,"column":6},"end":{"line":37,"column":40}}},"fnMap":{"0":{"name":"(anonymous_0)","decl":{"start":{"line":3,"column":35},"end":{"line":3,"column":36}},"loc":{"start":{"line":3,"column":53},"end":{"line":8,"column":1}},"line":3},"1":{"name":"(anonymous_1)","decl":{"start":{"line":10,"column":30},"end":{"line":10,"column":31}},"loc":{"start":{"line":10,"column":47},"end":{"line":15,"column":1}},"line":10},"2":{"name":"getAssociations","decl":{"start":{"line":17,"column":16},"end":{"line":17,"column":31}},"loc":{"start":{"line":17,"column":35},"end":{"line":29,"column":1}},"line":17},"3":{"name":"(anonymous_3)","decl":{"start":{"line":18,"column":9},"end":{"line":18,"column":10}},"loc":{"start":{"line":18,"column":23},"end":{"line":28,"column":3}},"line":18},"4":{"name":"(anonymous_4)","decl":{"start":{"line":21,"column":9},"end":{"line":21,"column":10}},"loc":{"start":{"line":21,"column":23},"end":{"line":27,"column":5}},"line":21},"5":{"name":"newEmotion","decl":{"start":{"line":31,"column":16},"end":{"line":31,"column":26}},"loc":{"start":{"line":31,"column":40},"end":{"line":40,"column":1}},"line":31},"6":{"name":"(anonymous_6)","decl":{"start":{"line":32,"column":9},"end":{"line":32,"column":10}},"loc":{"start":{"line":32,"column":23},"end":{"line":39,"column":3}},"line":32},"7":{"name":"(anonymous_7)","decl":{"start":{"line":36,"column":10},"end":{"line":36,"column":11}},"loc":{"start":{"line":36,"column":17},"end":{"line":38,"column":5}},"line":36}},"branchMap":{"0":{"loc":{"start":{"line":22,"column":6},"end":{"line":25,"column":7}},"type":"if","locations":[{"start":{"line":22,"column":6},"end":{"line":25,"column":7}},{"start":{"line":22,"column":6},"end":{"line":25,"column":7}}],"line":22}},"s":{"0":1,"1":1,"2":1,"3":0,"4":2,"5":2,"6":1,"7":1,"8":1,"9":0,"10":0,"11":0,"12":0},"f":{"0":1,"1":0,"2":2,"3":2,"4":1,"5":0,"6":0,"7":0},"b":{"0":[1,0]},"_coverageSchema":"332fd63041d2c1bcb487cc26dd0d5f7d97098a6c","hash":"4650a0778d0a6f306f68ba03852049dcfa924a04"}
}
