{"/home/bec/Documents/Code/phase-zero/storyTime/knexfile.js": {"path":"/home/bec/Documents/Code/phase-zero/storyTime/knexfile.js","statementMap":{"0":{"start":{"line":3,"column":0},"end":{"line":33,"column":2}}},"fnMap":{},"branchMap":{},"s":{"0":1},"f":{},"b":{},"_coverageSchema":"332fd63041d2c1bcb487cc26dd0d5f7d97098a6c","hash":"fcd1158d94949e48c734e2f874083c02e19b67ec"}
,"/home/bec/Documents/Code/phase-zero/storyTime/migrations/20180627081716_users.js": {"path":"/home/bec/Documents/Code/phase-zero/storyTime/migrations/20180627081716_users.js","statementMap":{"0":{"start":{"line":2,"column":0},"end":{"line":12,"column":2}},"1":{"start":{"line":3,"column":2},"end":{"line":11,"column":4}},"2":{"start":{"line":4,"column":4},"end":{"line":4,"column":27}},"3":{"start":{"line":5,"column":4},"end":{"line":5,"column":25}},"4":{"start":{"line":6,"column":4},"end":{"line":6,"column":26}},"5":{"start":{"line":7,"column":4},"end":{"line":7,"column":27}},"6":{"start":{"line":8,"column":4},"end":{"line":8,"column":34}},"7":{"start":{"line":9,"column":4},"end":{"line":9,"column":41}},"8":{"start":{"line":10,"column":4},"end":{"line":10,"column":29}},"9":{"start":{"line":14,"column":0},"end":{"line":16,"column":2}},"10":{"start":{"line":15,"column":4},"end":{"line":15,"column":41}}},"fnMap":{"0":{"name":"(anonymous_0)","decl":{"start":{"line":2,"column":13},"end":{"line":2,"column":14}},"loc":{"start":{"line":2,"column":37},"end":{"line":12,"column":1}},"line":2},"1":{"name":"(anonymous_1)","decl":{"start":{"line":3,"column":42},"end":{"line":3,"column":43}},"loc":{"start":{"line":3,"column":58},"end":{"line":11,"column":3}},"line":3},"2":{"name":"(anonymous_2)","decl":{"start":{"line":14,"column":15},"end":{"line":14,"column":16}},"loc":{"start":{"line":14,"column":39},"end":{"line":16,"column":1}},"line":14}},"branchMap":{},"s":{"0":1,"1":3,"2":3,"3":3,"4":3,"5":3,"6":3,"7":3,"8":3,"9":1,"10":0},"f":{"0":3,"1":3,"2":0},"b":{},"_coverageSchema":"332fd63041d2c1bcb487cc26dd0d5f7d97098a6c","hash":"834b57134b75b4765a249d92e3e067e07201cfbf"}
,"/home/bec/Documents/Code/phase-zero/storyTime/migrations/20180627081918_pages.js": {"path":"/home/bec/Documents/Code/phase-zero/storyTime/migrations/20180627081918_pages.js","statementMap":{"0":{"start":{"line":2,"column":0},"end":{"line":16,"column":2}},"1":{"start":{"line":3,"column":2},"end":{"line":15,"column":4}},"2":{"start":{"line":4,"column":4},"end":{"line":4,"column":27}},"3":{"start":{"line":5,"column":4},"end":{"line":5,"column":26}},"4":{"start":{"line":6,"column":4},"end":{"line":6,"column":31}},"5":{"start":{"line":7,"column":4},"end":{"line":7,"column":31}},"6":{"start":{"line":8,"column":4},"end":{"line":8,"column":31}},"7":{"start":{"line":9,"column":4},"end":{"line":9,"column":31}},"8":{"start":{"line":10,"column":4},"end":{"line":10,"column":33}},"9":{"start":{"line":11,"column":4},"end":{"line":11,"column":29}},"10":{"start":{"line":12,"column":4},"end":{"line":12,"column":30}},"11":{"start":{"line":13,"column":4},"end":{"line":13,"column":30}},"12":{"start":{"line":14,"column":4},"end":{"line":14,"column":30}},"13":{"start":{"line":18,"column":0},"end":{"line":20,"column":2}},"14":{"start":{"line":19,"column":2},"end":{"line":19,"column":39}}},"fnMap":{"0":{"name":"(anonymous_0)","decl":{"start":{"line":2,"column":13},"end":{"line":2,"column":14}},"loc":{"start":{"line":2,"column":37},"end":{"line":16,"column":1}},"line":2},"1":{"name":"(anonymous_1)","decl":{"start":{"line":3,"column":42},"end":{"line":3,"column":43}},"loc":{"start":{"line":3,"column":58},"end":{"line":15,"column":3}},"line":3},"2":{"name":"(anonymous_2)","decl":{"start":{"line":18,"column":15},"end":{"line":18,"column":16}},"loc":{"start":{"line":18,"column":39},"end":{"line":20,"column":1}},"line":18}},"branchMap":{},"s":{"0":1,"1":3,"2":3,"3":3,"4":3,"5":3,"6":3,"7":3,"8":3,"9":3,"10":3,"11":3,"12":3,"13":1,"14":0},"f":{"0":3,"1":3,"2":0},"b":{},"_coverageSchema":"332fd63041d2c1bcb487cc26dd0d5f7d97098a6c","hash":"2c60a9e7625fec509a4c47493375ef9b5203d8de"}
,"/home/bec/Documents/Code/phase-zero/storyTime/migrations/20180627083655_stories.js": {"path":"/home/bec/Documents/Code/phase-zero/storyTime/migrations/20180627083655_stories.js","statementMap":{"0":{"start":{"line":2,"column":0},"end":{"line":11,"column":2}},"1":{"start":{"line":3,"column":2},"end":{"line":10,"column":4}},"2":{"start":{"line":4,"column":4},"end":{"line":4,"column":27}},"3":{"start":{"line":5,"column":4},"end":{"line":5,"column":26}},"4":{"start":{"line":6,"column":4},"end":{"line":6,"column":29}},"5":{"start":{"line":7,"column":4},"end":{"line":7,"column":26}},"6":{"start":{"line":8,"column":4},"end":{"line":8,"column":26}},"7":{"start":{"line":9,"column":4},"end":{"line":9,"column":32}},"8":{"start":{"line":13,"column":0},"end":{"line":15,"column":2}},"9":{"start":{"line":14,"column":2},"end":{"line":14,"column":41}}},"fnMap":{"0":{"name":"(anonymous_0)","decl":{"start":{"line":2,"column":13},"end":{"line":2,"column":14}},"loc":{"start":{"line":2,"column":37},"end":{"line":11,"column":1}},"line":2},"1":{"name":"(anonymous_1)","decl":{"start":{"line":3,"column":44},"end":{"line":3,"column":45}},"loc":{"start":{"line":3,"column":60},"end":{"line":10,"column":3}},"line":3},"2":{"name":"(anonymous_2)","decl":{"start":{"line":13,"column":15},"end":{"line":13,"column":16}},"loc":{"start":{"line":13,"column":39},"end":{"line":15,"column":1}},"line":13}},"branchMap":{},"s":{"0":1,"1":3,"2":3,"3":3,"4":3,"5":3,"6":3,"7":3,"8":1,"9":0},"f":{"0":3,"1":3,"2":0},"b":{},"_coverageSchema":"332fd63041d2c1bcb487cc26dd0d5f7d97098a6c","hash":"293236915fd9394dd2fdaad97449296d4673427a"}
,"/home/bec/Documents/Code/phase-zero/storyTime/migrations/20180704133128_associations.js": {"path":"/home/bec/Documents/Code/phase-zero/storyTime/migrations/20180704133128_associations.js","statementMap":{"0":{"start":{"line":2,"column":0},"end":{"line":9,"column":2}},"1":{"start":{"line":3,"column":2},"end":{"line":8,"column":4}},"2":{"start":{"line":4,"column":4},"end":{"line":4,"column":27}},"3":{"start":{"line":5,"column":4},"end":{"line":5,"column":29}},"4":{"start":{"line":6,"column":4},"end":{"line":6,"column":28}},"5":{"start":{"line":7,"column":4},"end":{"line":7,"column":29}},"6":{"start":{"line":11,"column":0},"end":{"line":13,"column":2}},"7":{"start":{"line":12,"column":4},"end":{"line":12,"column":48}}},"fnMap":{"0":{"name":"(anonymous_0)","decl":{"start":{"line":2,"column":13},"end":{"line":2,"column":14}},"loc":{"start":{"line":2,"column":37},"end":{"line":9,"column":1}},"line":2},"1":{"name":"(anonymous_1)","decl":{"start":{"line":3,"column":49},"end":{"line":3,"column":50}},"loc":{"start":{"line":3,"column":65},"end":{"line":8,"column":3}},"line":3},"2":{"name":"(anonymous_2)","decl":{"start":{"line":11,"column":15},"end":{"line":11,"column":16}},"loc":{"start":{"line":11,"column":39},"end":{"line":13,"column":1}},"line":11}},"branchMap":{},"s":{"0":1,"1":3,"2":3,"3":3,"4":3,"5":3,"6":1,"7":0},"f":{"0":3,"1":3,"2":0},"b":{},"_coverageSchema":"332fd63041d2c1bcb487cc26dd0d5f7d97098a6c","hash":"c3742333f0c067773507afa4c289e356bd4e1ad9"}
,"/home/bec/Documents/Code/phase-zero/storyTime/seeds/associations.js": {"path":"/home/bec/Documents/Code/phase-zero/storyTime/seeds/associations.js","statementMap":{"0":{"start":{"line":2,"column":0},"end":{"line":13,"column":2}},"1":{"start":{"line":4,"column":2},"end":{"line":12,"column":7}},"2":{"start":{"line":7,"column":6},"end":{"line":11,"column":9}}},"fnMap":{"0":{"name":"(anonymous_0)","decl":{"start":{"line":2,"column":15},"end":{"line":2,"column":16}},"loc":{"start":{"line":2,"column":39},"end":{"line":13,"column":1}},"line":2},"1":{"name":"(anonymous_1)","decl":{"start":{"line":5,"column":10},"end":{"line":5,"column":11}},"loc":{"start":{"line":5,"column":22},"end":{"line":12,"column":5}},"line":5}},"branchMap":{},"s":{"0":1,"1":3,"2":3},"f":{"0":3,"1":3},"b":{},"_coverageSchema":"332fd63041d2c1bcb487cc26dd0d5f7d97098a6c","hash":"09e022fbf66a86c87391ecd05e4a4c0335a1e047"}
,"/home/bec/Documents/Code/phase-zero/storyTime/seeds/pages.js": {"path":"/home/bec/Documents/Code/phase-zero/storyTime/seeds/pages.js","statementMap":{"0":{"start":{"line":2,"column":0},"end":{"line":14,"column":2}},"1":{"start":{"line":4,"column":2},"end":{"line":13,"column":7}},"2":{"start":{"line":7,"column":6},"end":{"line":12,"column":9}}},"fnMap":{"0":{"name":"(anonymous_0)","decl":{"start":{"line":2,"column":15},"end":{"line":2,"column":16}},"loc":{"start":{"line":2,"column":39},"end":{"line":14,"column":1}},"line":2},"1":{"name":"(anonymous_1)","decl":{"start":{"line":5,"column":10},"end":{"line":5,"column":11}},"loc":{"start":{"line":5,"column":22},"end":{"line":13,"column":5}},"line":5}},"branchMap":{},"s":{"0":1,"1":3,"2":3},"f":{"0":3,"1":3},"b":{},"_coverageSchema":"332fd63041d2c1bcb487cc26dd0d5f7d97098a6c","hash":"09af5953e102ee7883deb9d91f3667d591b1e210"}
,"/home/bec/Documents/Code/phase-zero/storyTime/seeds/stories.js": {"path":"/home/bec/Documents/Code/phase-zero/storyTime/seeds/stories.js","statementMap":{"0":{"start":{"line":2,"column":0},"end":{"line":13,"column":2}},"1":{"start":{"line":4,"column":2},"end":{"line":12,"column":7}},"2":{"start":{"line":7,"column":6},"end":{"line":11,"column":9}}},"fnMap":{"0":{"name":"(anonymous_0)","decl":{"start":{"line":2,"column":15},"end":{"line":2,"column":16}},"loc":{"start":{"line":2,"column":39},"end":{"line":13,"column":1}},"line":2},"1":{"name":"(anonymous_1)","decl":{"start":{"line":5,"column":10},"end":{"line":5,"column":11}},"loc":{"start":{"line":5,"column":22},"end":{"line":12,"column":5}},"line":5}},"branchMap":{},"s":{"0":1,"1":3,"2":3},"f":{"0":3,"1":3},"b":{},"_coverageSchema":"332fd63041d2c1bcb487cc26dd0d5f7d97098a6c","hash":"0f4b6b76f50edf1656dae4e464eded39f9a44ed4"}
,"/home/bec/Documents/Code/phase-zero/storyTime/seeds/users.js": {"path":"/home/bec/Documents/Code/phase-zero/storyTime/seeds/users.js","statementMap":{"0":{"start":{"line":2,"column":0},"end":{"line":14,"column":2}},"1":{"start":{"line":4,"column":2},"end":{"line":13,"column":7}},"2":{"start":{"line":7,"column":6},"end":{"line":12,"column":9}}},"fnMap":{"0":{"name":"(anonymous_0)","decl":{"start":{"line":2,"column":15},"end":{"line":2,"column":16}},"loc":{"start":{"line":2,"column":39},"end":{"line":14,"column":1}},"line":2},"1":{"name":"(anonymous_1)","decl":{"start":{"line":5,"column":10},"end":{"line":5,"column":11}},"loc":{"start":{"line":5,"column":22},"end":{"line":13,"column":5}},"line":5}},"branchMap":{},"s":{"0":1,"1":3,"2":3},"f":{"0":3,"1":3},"b":{},"_coverageSchema":"332fd63041d2c1bcb487cc26dd0d5f7d97098a6c","hash":"cfa5470712ab9a7edcc350a2d7b0fc08c0ecfac1"}
,"/home/bec/Documents/Code/phase-zero/storyTime/server/auth/hash.js": {"path":"/home/bec/Documents/Code/phase-zero/storyTime/server/auth/hash.js","statementMap":{"0":{"start":{"line":1,"column":15},"end":{"line":1,"column":36}},"1":{"start":{"line":4,"column":25},"end":{"line":4,"column":54}},"2":{"start":{"line":5,"column":2},"end":{"line":9,"column":3}},"3":{"start":{"line":12,"column":0},"end":{"line":14,"column":1}}},"fnMap":{"0":{"name":"generate","decl":{"start":{"line":3,"column":9},"end":{"line":3,"column":17}},"loc":{"start":{"line":3,"column":29},"end":{"line":10,"column":1}},"line":3}},"branchMap":{},"s":{"0":1,"1":0,"2":0,"3":1},"f":{"0":0},"b":{},"_coverageSchema":"332fd63041d2c1bcb487cc26dd0d5f7d97098a6c","hash":"f6791e4795dfa3c834efc72de50d5378bd9f4877"}
,"/home/bec/Documents/Code/phase-zero/storyTime/server/db/connection.js": {"path":"/home/bec/Documents/Code/phase-zero/storyTime/server/db/connection.js","statementMap":{"0":{"start":{"line":1,"column":20},"end":{"line":1,"column":57}},"1":{"start":{"line":2,"column":15},"end":{"line":2,"column":53}},"2":{"start":{"line":3,"column":19},"end":{"line":3,"column":42}},"3":{"start":{"line":9,"column":0},"end":{"line":9,"column":27}}},"fnMap":{},"branchMap":{"0":{"loc":{"start":{"line":1,"column":20},"end":{"line":1,"column":57}},"type":"binary-expr","locations":[{"start":{"line":1,"column":20},"end":{"line":1,"column":40}},{"start":{"line":1,"column":44},"end":{"line":1,"column":57}}],"line":1}},"s":{"0":1,"1":1,"2":1,"3":1},"f":{},"b":{"0":[1,0]},"_coverageSchema":"332fd63041d2c1bcb487cc26dd0d5f7d97098a6c","hash":"2ad78bbfa97cd12cfae616917d4e1ae97ef9f754"}
,"/home/bec/Documents/Code/phase-zero/storyTime/server/db/db.js": {"path":"/home/bec/Documents/Code/phase-zero/storyTime/server/db/db.js","statementMap":{"0":{"start":{"line":1,"column":13},"end":{"line":1,"column":36}},"1":{"start":{"line":2,"column":13},"end":{"line":2,"column":36}},"2":{"start":{"line":5,"column":13},"end":{"line":5,"column":27}},"3":{"start":{"line":6,"column":2},"end":{"line":6,"column":29}},"4":{"start":{"line":10,"column":13},"end":{"line":10,"column":27}},"5":{"start":{"line":11,"column":23},"end":{"line":11,"column":46}},"6":{"start":{"line":12,"column":2},"end":{"line":12,"column":32}},"7":{"start":{"line":13,"column":2},"end":{"line":14,"column":41}},"8":{"start":{"line":18,"column":13},"end":{"line":18,"column":27}},"9":{"start":{"line":19,"column":2},"end":{"line":24,"column":6}},"10":{"start":{"line":23,"column":6},"end":{"line":23,"column":27}},"11":{"start":{"line":28,"column":13},"end":{"line":28,"column":27}},"12":{"start":{"line":29,"column":2},"end":{"line":30,"column":40}},"13":{"start":{"line":34,"column":13},"end":{"line":34,"column":27}},"14":{"start":{"line":35,"column":2},"end":{"line":35,"column":31}},"15":{"start":{"line":39,"column":13},"end":{"line":39,"column":27}},"16":{"start":{"line":40,"column":2},"end":{"line":40,"column":51}},"17":{"start":{"line":44,"column":13},"end":{"line":44,"column":27}},"18":{"start":{"line":45,"column":2},"end":{"line":45,"column":29}},"19":{"start":{"line":49,"column":13},"end":{"line":49,"column":27}},"20":{"start":{"line":50,"column":2},"end":{"line":50,"column":49}},"21":{"start":{"line":54,"column":13},"end":{"line":54,"column":27}},"22":{"start":{"line":55,"column":2},"end":{"line":57,"column":22}},"23":{"start":{"line":61,"column":0},"end":{"line":71,"column":1}}},"fnMap":{"0":{"name":"getUsers","decl":{"start":{"line":4,"column":9},"end":{"line":4,"column":17}},"loc":{"start":{"line":4,"column":26},"end":{"line":7,"column":1}},"line":4},"1":{"name":"createUser","decl":{"start":{"line":9,"column":9},"end":{"line":9,"column":19}},"loc":{"start":{"line":9,"column":47},"end":{"line":15,"column":1}},"line":9},"2":{"name":"userExists","decl":{"start":{"line":17,"column":9},"end":{"line":17,"column":19}},"loc":{"start":{"line":17,"column":39},"end":{"line":25,"column":1}},"line":17},"3":{"name":"(anonymous_3)","decl":{"start":{"line":22,"column":10},"end":{"line":22,"column":11}},"loc":{"start":{"line":22,"column":19},"end":{"line":24,"column":5}},"line":22},"4":{"name":"getUserByName","decl":{"start":{"line":27,"column":9},"end":{"line":27,"column":22}},"loc":{"start":{"line":27,"column":42},"end":{"line":31,"column":1}},"line":27},"5":{"name":"getStories","decl":{"start":{"line":33,"column":9},"end":{"line":33,"column":19}},"loc":{"start":{"line":33,"column":29},"end":{"line":36,"column":1}},"line":33},"6":{"name":"getStory","decl":{"start":{"line":38,"column":9},"end":{"line":38,"column":17}},"loc":{"start":{"line":38,"column":31},"end":{"line":41,"column":1}},"line":38},"7":{"name":"getPages","decl":{"start":{"line":43,"column":9},"end":{"line":43,"column":17}},"loc":{"start":{"line":43,"column":27},"end":{"line":46,"column":1}},"line":43},"8":{"name":"getUser","decl":{"start":{"line":48,"column":9},"end":{"line":48,"column":16}},"loc":{"start":{"line":48,"column":29},"end":{"line":51,"column":1}},"line":48},"9":{"name":"updateUser","decl":{"start":{"line":53,"column":9},"end":{"line":53,"column":19}},"loc":{"start":{"line":53,"column":45},"end":{"line":58,"column":1}},"line":53}},"branchMap":{"0":{"loc":{"start":{"line":5,"column":13},"end":{"line":5,"column":27}},"type":"binary-expr","locations":[{"start":{"line":5,"column":13},"end":{"line":5,"column":19}},{"start":{"line":5,"column":23},"end":{"line":5,"column":27}}],"line":5},"1":{"loc":{"start":{"line":10,"column":13},"end":{"line":10,"column":27}},"type":"binary-expr","locations":[{"start":{"line":10,"column":13},"end":{"line":10,"column":19}},{"start":{"line":10,"column":23},"end":{"line":10,"column":27}}],"line":10},"2":{"loc":{"start":{"line":18,"column":13},"end":{"line":18,"column":27}},"type":"binary-expr","locations":[{"start":{"line":18,"column":13},"end":{"line":18,"column":19}},{"start":{"line":18,"column":23},"end":{"line":18,"column":27}}],"line":18},"3":{"loc":{"start":{"line":28,"column":13},"end":{"line":28,"column":27}},"type":"binary-expr","locations":[{"start":{"line":28,"column":13},"end":{"line":28,"column":19}},{"start":{"line":28,"column":23},"end":{"line":28,"column":27}}],"line":28},"4":{"loc":{"start":{"line":34,"column":13},"end":{"line":34,"column":27}},"type":"binary-expr","locations":[{"start":{"line":34,"column":13},"end":{"line":34,"column":19}},{"start":{"line":34,"column":23},"end":{"line":34,"column":27}}],"line":34},"5":{"loc":{"start":{"line":39,"column":13},"end":{"line":39,"column":27}},"type":"binary-expr","locations":[{"start":{"line":39,"column":13},"end":{"line":39,"column":19}},{"start":{"line":39,"column":23},"end":{"line":39,"column":27}}],"line":39},"6":{"loc":{"start":{"line":44,"column":13},"end":{"line":44,"column":27}},"type":"binary-expr","locations":[{"start":{"line":44,"column":13},"end":{"line":44,"column":19}},{"start":{"line":44,"column":23},"end":{"line":44,"column":27}}],"line":44},"7":{"loc":{"start":{"line":49,"column":13},"end":{"line":49,"column":27}},"type":"binary-expr","locations":[{"start":{"line":49,"column":13},"end":{"line":49,"column":19}},{"start":{"line":49,"column":23},"end":{"line":49,"column":27}}],"line":49},"8":{"loc":{"start":{"line":54,"column":13},"end":{"line":54,"column":27}},"type":"binary-expr","locations":[{"start":{"line":54,"column":13},"end":{"line":54,"column":19}},{"start":{"line":54,"column":23},"end":{"line":54,"column":27}}],"line":54}},"s":{"0":1,"1":1,"2":1,"3":1,"4":0,"5":0,"6":0,"7":0,"8":0,"9":0,"10":0,"11":0,"12":0,"13":1,"14":1,"15":0,"16":0,"17":0,"18":0,"19":1,"20":1,"21":0,"22":0,"23":1},"f":{"0":1,"1":0,"2":0,"3":0,"4":0,"5":1,"6":0,"7":0,"8":1,"9":0},"b":{"0":[1,0],"1":[0,0],"2":[0,0],"3":[0,0],"4":[1,0],"5":[0,0],"6":[0,0],"7":[1,0],"8":[0,0]},"_coverageSchema":"332fd63041d2c1bcb487cc26dd0d5f7d97098a6c","hash":"b774597bed5a18b6728df06ac3ca6483b6a97333"}
,"/home/bec/Documents/Code/phase-zero/storyTime/test/server/test-environment.js": {"path":"/home/bec/Documents/Code/phase-zero/storyTime/test/server/test-environment.js","statementMap":{"0":{"start":{"line":1,"column":13},"end":{"line":1,"column":28}},"1":{"start":{"line":3,"column":19},"end":{"line":3,"column":49}},"2":{"start":{"line":5,"column":0},"end":{"line":22,"column":1}},"3":{"start":{"line":7,"column":19},"end":{"line":7,"column":35}},"4":{"start":{"line":12,"column":4},"end":{"line":15,"column":8}},"5":{"start":{"line":14,"column":8},"end":{"line":14,"column":28}},"6":{"start":{"line":20,"column":4},"end":{"line":20,"column":23}}},"fnMap":{"0":{"name":"(anonymous_0)","decl":{"start":{"line":7,"column":13},"end":{"line":7,"column":14}},"loc":{"start":{"line":7,"column":19},"end":{"line":7,"column":35}},"line":7},"1":{"name":"(anonymous_1)","decl":{"start":{"line":11,"column":14},"end":{"line":11,"column":15}},"loc":{"start":{"line":11,"column":22},"end":{"line":16,"column":3}},"line":11},"2":{"name":"(anonymous_2)","decl":{"start":{"line":13,"column":12},"end":{"line":13,"column":13}},"loc":{"start":{"line":13,"column":18},"end":{"line":15,"column":7}},"line":13},"3":{"name":"(anonymous_3)","decl":{"start":{"line":19,"column":11},"end":{"line":19,"column":12}},"loc":{"start":{"line":19,"column":19},"end":{"line":21,"column":3}},"line":19}},"branchMap":{},"s":{"0":1,"1":1,"2":1,"3":3,"4":3,"5":3,"6":3},"f":{"0":3,"1":3,"2":3,"3":3},"b":{},"_coverageSchema":"332fd63041d2c1bcb487cc26dd0d5f7d97098a6c","hash":"2c47b95454d4cf4028a590dd185df55e398e2ed3"}
}
