TN:
SF:/home/bec/Documents/Code/phase-zero/BootCamp/storyTime/client/actions/associations.js
FN:3,(anonymous_0)
FN:10,(anonymous_1)
FN:17,getAssociations
FN:18,(anonymous_3)
FN:21,(anonymous_4)
FN:31,newEmotion
FN:32,(anonymous_6)
FN:36,(anonymous_7)
FNF:8
FNH:4
FNDA:1,(anonymous_0)
FNDA:0,(anonymous_1)
FNDA:2,getAssociations
FNDA:2,(anonymous_3)
FNDA:1,(anonymous_4)
FNDA:0,newEmotion
FNDA:0,(anonymous_6)
FNDA:0,(anonymous_7)
DA:3,1
DA:4,1
DA:10,1
DA:11,0
DA:18,2
DA:19,2
DA:22,1
DA:23,1
DA:24,1
DA:26,0
DA:32,0
DA:33,0
DA:37,0
LF:13
LH:8
BRDA:22,0,0,1
BRDA:22,0,1,0
BRF:2
BRH:1
end_of_record
