TN:
SF:/home/bec/Documents/Code/phase-zero/storyTime/knexfile.js
FNF:0
FNH:0
DA:3,1
LF:1
LH:1
BRF:0
BRH:0
end_of_record
TN:
SF:/home/bec/Documents/Code/phase-zero/storyTime/migrations/20180627081716_users.js
FN:2,(anonymous_0)
FN:3,(anonymous_1)
FN:14,(anonymous_2)
FNF:3
FNH:2
FNDA:3,(anonymous_0)
FNDA:3,(anonymous_1)
FNDA:0,(anonymous_2)
DA:2,1
DA:3,3
DA:4,3
DA:5,3
DA:6,3
DA:7,3
DA:8,3
DA:9,3
DA:10,3
DA:14,1
DA:15,0
LF:11
LH:10
BRF:0
BRH:0
end_of_record
TN:
SF:/home/bec/Documents/Code/phase-zero/storyTime/migrations/20180627081918_pages.js
FN:2,(anonymous_0)
FN:3,(anonymous_1)
FN:18,(anonymous_2)
FNF:3
FNH:2
FNDA:3,(anonymous_0)
FNDA:3,(anonymous_1)
FNDA:0,(anonymous_2)
DA:2,1
DA:3,3
DA:4,3
DA:5,3
DA:6,3
DA:7,3
DA:8,3
DA:9,3
DA:10,3
DA:11,3
DA:12,3
DA:13,3
DA:14,3
DA:18,1
DA:19,0
LF:15
LH:14
BRF:0
BRH:0
end_of_record
TN:
SF:/home/bec/Documents/Code/phase-zero/storyTime/migrations/20180627083655_stories.js
FN:2,(anonymous_0)
FN:3,(anonymous_1)
FN:13,(anonymous_2)
FNF:3
FNH:2
FNDA:3,(anonymous_0)
FNDA:3,(anonymous_1)
FNDA:0,(anonymous_2)
DA:2,1
DA:3,3
DA:4,3
DA:5,3
DA:6,3
DA:7,3
DA:8,3
DA:9,3
DA:13,1
DA:14,0
LF:10
LH:9
BRF:0
BRH:0
end_of_record
TN:
SF:/home/bec/Documents/Code/phase-zero/storyTime/migrations/20180704133128_associations.js
FN:2,(anonymous_0)
FN:3,(anonymous_1)
FN:11,(anonymous_2)
FNF:3
FNH:2
FNDA:3,(anonymous_0)
FNDA:3,(anonymous_1)
FNDA:0,(anonymous_2)
DA:2,1
DA:3,3
DA:4,3
DA:5,3
DA:6,3
DA:7,3
DA:11,1
DA:12,0
LF:8
LH:7
BRF:0
BRH:0
end_of_record
TN:
SF:/home/bec/Documents/Code/phase-zero/storyTime/seeds/associations.js
FN:2,(anonymous_0)
FN:5,(anonymous_1)
FNF:2
FNH:2
FNDA:3,(anonymous_0)
FNDA:3,(anonymous_1)
DA:2,1
DA:4,3
DA:7,3
LF:3
LH:3
BRF:0
BRH:0
end_of_record
TN:
SF:/home/bec/Documents/Code/phase-zero/storyTime/seeds/pages.js
FN:2,(anonymous_0)
FN:5,(anonymous_1)
FNF:2
FNH:2
FNDA:3,(anonymous_0)
FNDA:3,(anonymous_1)
DA:2,1
DA:4,3
DA:7,3
LF:3
LH:3
BRF:0
BRH:0
end_of_record
TN:
SF:/home/bec/Documents/Code/phase-zero/storyTime/seeds/stories.js
FN:2,(anonymous_0)
FN:5,(anonymous_1)
FNF:2
FNH:2
FNDA:3,(anonymous_0)
FNDA:3,(anonymous_1)
DA:2,1
DA:4,3
DA:7,3
LF:3
LH:3
BRF:0
BRH:0
end_of_record
TN:
SF:/home/bec/Documents/Code/phase-zero/storyTime/seeds/users.js
FN:2,(anonymous_0)
FN:5,(anonymous_1)
FNF:2
FNH:2
FNDA:3,(anonymous_0)
FNDA:3,(anonymous_1)
DA:2,1
DA:4,3
DA:7,3
LF:3
LH:3
BRF:0
BRH:0
end_of_record
TN:
SF:/home/bec/Documents/Code/phase-zero/storyTime/server/auth/hash.js
FN:3,generate
FNF:1
FNH:0
FNDA:0,generate
DA:1,1
DA:4,0
DA:5,0
DA:12,1
LF:4
LH:2
BRF:0
BRH:0
end_of_record
TN:
SF:/home/bec/Documents/Code/phase-zero/storyTime/server/db/connection.js
FNF:0
FNH:0
DA:1,1
DA:2,1
DA:3,1
DA:9,1
LF:4
LH:4
BRDA:1,0,0,1
BRDA:1,0,1,0
BRF:2
BRH:1
end_of_record
TN:
SF:/home/bec/Documents/Code/phase-zero/storyTime/server/db/db.js
FN:4,getUsers
FN:9,createUser
FN:17,userExists
FN:22,(anonymous_3)
FN:27,getUserByName
FN:33,getStories
FN:38,getStory
FN:43,getPages
FN:48,getUser
FN:53,updateUser
FNF:10
FNH:3
FNDA:1,getUsers
FNDA:0,createUser
FNDA:0,userExists
FNDA:0,(anonymous_3)
FNDA:0,getUserByName
FNDA:1,getStories
FNDA:0,getStory
FNDA:0,getPages
FNDA:1,getUser
FNDA:0,updateUser
DA:1,1
DA:2,1
DA:5,1
DA:6,1
DA:10,0
DA:11,0
DA:12,0
DA:13,0
DA:18,0
DA:19,0
DA:23,0
DA:28,0
DA:29,0
DA:34,1
DA:35,1
DA:39,0
DA:40,0
DA:44,0
DA:45,0
DA:49,1
DA:50,1
DA:54,0
DA:55,0
DA:61,1
LF:24
LH:9
BRDA:5,0,0,1
BRDA:5,0,1,0
BRDA:10,1,0,0
BRDA:10,1,1,0
BRDA:18,2,0,0
BRDA:18,2,1,0
BRDA:28,3,0,0
BRDA:28,3,1,0
BRDA:34,4,0,1
BRDA:34,4,1,0
BRDA:39,5,0,0
BRDA:39,5,1,0
BRDA:44,6,0,0
BRDA:44,6,1,0
BRDA:49,7,0,1
BRDA:49,7,1,0
BRDA:54,8,0,0
BRDA:54,8,1,0
BRF:18
BRH:3
end_of_record
TN:
SF:/home/bec/Documents/Code/phase-zero/storyTime/test/server/test-environment.js
FN:7,(anonymous_0)
FN:11,(anonymous_1)
FN:13,(anonymous_2)
FN:19,(anonymous_3)
FNF:4
FNH:4
FNDA:3,(anonymous_0)
FNDA:3,(anonymous_1)
FNDA:3,(anonymous_2)
FNDA:3,(anonymous_3)
DA:1,1
DA:3,1
DA:5,1
DA:7,3
DA:12,3
DA:14,3
DA:20,3
LF:7
LH:7
BRF:0
BRH:0
end_of_record
